
记录时间：2017-04-10 13:13:52,474 
线程ID: [9] 
级别：INFO  
记录器：DesignContest.WinApp.App 
所在方法：OnStartup 
描述：日志配置成功。


记录时间：2017-04-10 13:15:33,608 
线程ID: [9] 
级别：INFO  
记录器：DesignContest.WinApp.App 
所在方法：OnStartup 
描述：日志配置成功。


记录时间：2017-04-10 13:17:52,934 
线程ID: [9] 
级别：INFO  
记录器：DesignContest.WinApp.App 
所在方法：OnStartup 
描述：日志配置成功。


记录时间：2017-04-10 13:31:55,824 
线程ID: [9] 
级别：INFO  
记录器：DesignContest.WinApp.App 
所在方法：OnStartup 
描述：日志配置成功。


记录时间：2017-04-10 13:33:13,085 
线程ID: [9] 
级别：INFO  
记录器：DesignContest.WinApp.App 
所在方法：OnStartup 
描述：日志配置成功。


记录时间：2017-04-10 13:44:38,949 
线程ID: [9] 
级别：INFO  
记录器：DesignContest.WinApp.App 
所在方法：OnStartup 
描述：日志配置成功。


记录时间：2017-04-10 13:47:59,223 
线程ID: [8] 
级别：INFO  
记录器：DesignContest.WinApp.App 
所在方法：OnStartup 
描述：日志配置成功。


记录时间：2017-04-10 13:49:57,322 
线程ID: [9] 
级别：INFO  
记录器：DesignContest.WinApp.App 
所在方法：OnStartup 
描述：日志配置成功。


记录时间：2017-04-10 13:55:54,085 
线程ID: [9] 
级别：INFO  
记录器：DesignContest.WinApp.App 
所在方法：OnStartup 
描述：日志配置成功。


记录时间：2017-04-10 13:57:31,155 
线程ID: [9] 
级别：INFO  
记录器：DesignContest.WinApp.App 
所在方法：OnStartup 
描述：日志配置成功。


记录时间：2017-04-10 14:03:02,948 
线程ID: [1] 
级别：INFO  
记录器：DesignContest.WinApp.App 
所在方法：OnStartup 
描述：日志配置成功。


记录时间：2017-04-10 14:26:43,065 
线程ID: [9] 
级别：INFO  
记录器：DesignContest.WinApp.App 
所在方法：OnStartup 
描述：日志配置成功。


记录时间：2017-04-10 14:39:17,645 
线程ID: [8] 
级别：INFO  
记录器：DesignContest.WinApp.App 
所在方法：OnStartup 
描述：日志配置成功。


记录时间：2017-04-10 21:43:07,636 
线程ID: [1] 
级别：INFO  
记录器：DesignContest.WinApp.App 
所在方法：OnStartup 
描述：日志配置成功。


记录时间：2017-04-10 21:43:29,521 
线程ID: [1] 
级别：INFO  
记录器：DesignContest.WinApp.App 
所在方法：OnStartup 
描述：日志配置成功。

