
记录时间：2017-04-11 01:26:06,638 
线程ID: [9] 
级别：INFO  
记录器：DesignContest.WinApp.App 
所在方法：OnStartup 
描述：日志配置成功。


记录时间：2017-04-11 01:33:23,558 
线程ID: [9] 
级别：INFO  
记录器：DesignContest.WinApp.App 
所在方法：OnStartup 
描述：日志配置成功。


记录时间：2017-04-11 02:18:06,394 
线程ID: [10] 
级别：INFO  
记录器：DesignContest.WinApp.App 
所在方法：OnStartup 
描述：日志配置成功。


记录时间：2017-04-11 09:45:40,277 
线程ID: [1] 
级别：INFO  
记录器：DesignContest.WinApp.App 
所在方法：OnStartup 
描述：日志配置成功。


记录时间：2017-04-11 19:47:33,635 
线程ID: [9] 
级别：INFO  
记录器：DesignContest.WinApp.App 
所在方法：OnStartup 
描述：日志配置成功。

