
记录时间：2017-04-12 14:00:58,438 
线程ID: [8] 
级别：INFO  
记录器：DesignContest.WinApp.App 
所在方法：OnStartup 
描述：日志配置成功。


记录时间：2017-04-12 14:51:59,304 
线程ID: [10] 
级别：INFO  
记录器：DesignContest.WinApp.App 
所在方法：OnStartup 
描述：日志配置成功。


记录时间：2017-04-12 15:03:27,672 
线程ID: [9] 
级别：INFO  
记录器：DesignContest.WinApp.App 
所在方法：OnStartup 
描述：日志配置成功。


记录时间：2017-04-12 16:11:02,655 
线程ID: [8] 
级别：INFO  
记录器：DesignContest.WinApp.App 
所在方法：OnStartup 
描述：日志配置成功。


记录时间：2017-04-12 16:14:52,775 
线程ID: [9] 
级别：INFO  
记录器：DesignContest.WinApp.App 
所在方法：OnStartup 
描述：日志配置成功。


记录时间：2017-04-12 16:33:59,835 
线程ID: [9] 
级别：INFO  
记录器：DesignContest.WinApp.App 
所在方法：OnStartup 
描述：日志配置成功。


记录时间：2017-04-12 16:37:14,462 
线程ID: [9] 
级别：INFO  
记录器：DesignContest.WinApp.App 
所在方法：OnStartup 
描述：日志配置成功。


记录时间：2017-04-12 16:40:35,582 
线程ID: [1] 
级别：INFO  
记录器：DesignContest.WinApp.App 
所在方法：OnStartup 
描述：日志配置成功。


记录时间：2017-04-12 18:06:06,508 
线程ID: [8] 
级别：INFO  
记录器：DesignContest.WinApp.App 
所在方法：OnStartup 
描述：日志配置成功。

