
记录时间：2017-11-06 20:14:46,748 
线程ID: [9] 
级别：INFO  
记录器：DesignContest.WinApp.App 
所在方法：OnStartup 
描述：日志配置成功。


记录时间：2017-11-06 20:27:55,146 
线程ID: [9] 
级别：INFO  
记录器：DesignContest.WinApp.App 
所在方法：OnStartup 
描述：日志配置成功。


记录时间：2017-11-06 20:31:10,135 
线程ID: [9] 
级别：INFO  
记录器：DesignContest.WinApp.App 
所在方法：OnStartup 
描述：日志配置成功。


记录时间：2017-11-06 20:37:22,187 
线程ID: [9] 
级别：INFO  
记录器：DesignContest.WinApp.App 
所在方法：OnStartup 
描述：日志配置成功。


记录时间：2017-11-06 20:40:21,448 
线程ID: [9] 
级别：INFO  
记录器：DesignContest.WinApp.App 
所在方法：OnStartup 
描述：日志配置成功。

